<?xml version="1.0" encoding="UTF-8"?>
<testsuite name="StringCalculatorTest" tests="2" skipped="0" failures="0" errors="0" timestamp="2023-04-18T20:23:12" hostname="DESKTOP-07HMHSA" time="0.017">
  <properties/>
  <testcase name="Test_1()" classname="StringCalculatorTest" time="0.016"/>
  <testcase name="Test_2()" classname="StringCalculatorTest" time="0.0"/>
  <system-out><![CDATA[]]></system-out>
  <system-err><![CDATA[]]></system-err>
</testsuite>
